[0m[[0m[0mdebug[0m] [0m[0m> Exec(run, Some(f69eb673-ebf3-4dc0-b2d9-008851737ee7), Some(CommandSource(console0)))[0m
[0m[[0m[0mdebug[0m] [0m[0mEvaluating tasks: Compile / run[0m
[0m[[0m[0mdebug[0m] [0m[0mRunning task... Cancel: Signal, check cycles: false, forcegc: true[0m
[0m[[0m[31merror[0m] [0m[0mjava.util.zip.ZipException: duplicate entry: META-INF/MANIFEST.MF[0m
[0m[[0m[31merror[0m] [0m[0m	at java.util.zip.ZipOutputStream.putNextEntry(ZipOutputStream.java:232)[0m
[0m[[0m[31merror[0m] [0m[0m	at java.util.jar.JarOutputStream.putNextEntry(JarOutputStream.java:109)[0m
[0m[[0m[31merror[0m] [0m[0m	at sbt.io.IO$.addFileEntry$1(IO.scala:709)[0m
[0m[[0m[31merror[0m] [0m[0m	at sbt.io.IO$.$anonfun$writeZip$6(IO.scala:718)[0m
[0m[[0m[31merror[0m] [0m[0m	at sbt.io.IO$.$anonfun$writeZip$6$adapted(IO.scala:718)[0m
[0m[[0m[31merror[0m] [0m[0m	at scala.collection.immutable.List.foreach(List.scala:431)[0m
[0m[[0m[31merror[0m] [0m[0m	at sbt.io.IO$.writeZip(IO.scala:718)[0m
[0m[[0m[31merror[0m] [0m[0m	at sbt.io.IO$.$anonfun$archive$2(IO.scala:668)[0m
[0m[[0m[31merror[0m] [0m[0m	at sbt.io.IO$.$anonfun$archive$2$adapted(IO.scala:665)[0m
[0m[[0m[31merror[0m] [0m[0m	at sbt.io.IO$.$anonfun$withZipOutput$1(IO.scala:765)[0m
[0m[[0m[31merror[0m] [0m[0m	at sbt.io.IO$.$anonfun$withZipOutput$1$adapted(IO.scala:745)[0m
[0m[[0m[31merror[0m] [0m[0m	at sbt.io.Using.apply(Using.scala:27)[0m
[0m[[0m[31merror[0m] [0m[0m	at sbt.io.IO$.withZipOutput(IO.scala:745)[0m
[0m[[0m[31merror[0m] [0m[0m	at sbt.io.IO$.archive(IO.scala:665)[0m
[0m[[0m[31merror[0m] [0m[0m	at sbt.io.IO$.jar(IO.scala:630)[0m
[0m[[0m[31merror[0m] [0m[0m	at sbt.Package$.makeJar(Package.scala:185)[0m
[0m[[0m[31merror[0m] [0m[0m	at sbt.Package$.$anonfun$apply$4(Package.scala:109)[0m
[0m[[0m[31merror[0m] [0m[0m	at sbt.Package$.$anonfun$apply$4$adapted(Package.scala:107)[0m
[0m[[0m[31merror[0m] [0m[0m	at sbt.util.Tracked$.$anonfun$outputChangedW$1(Tracked.scala:128)[0m
[0m[[0m[31merror[0m] [0m[0m	at sbt.Package$.apply(Package.scala:119)[0m
[0m[[0m[31merror[0m] [0m[0m	at sbt.Defaults$.$anonfun$packageTask$1(Defaults.scala:1709)[0m
[0m[[0m[31merror[0m] [0m[0m	at scala.Function1.$anonfun$compose$1(Function1.scala:49)[0m
[0m[[0m[31merror[0m] [0m[0m	at sbt.internal.util.$tilde$greater.$anonfun$$u2219$1(TypeFunctions.scala:62)[0m
[0m[[0m[31merror[0m] [0m[0m	at sbt.std.Transform$$anon$4.work(Transform.scala:68)[0m
[0m[[0m[31merror[0m] [0m[0m	at sbt.Execute.$anonfun$submit$2(Execute.scala:282)[0m
[0m[[0m[31merror[0m] [0m[0m	at sbt.internal.util.ErrorHandling$.wideConvert(ErrorHandling.scala:23)[0m
[0m[[0m[31merror[0m] [0m[0m	at sbt.Execute.work(Execute.scala:291)[0m
[0m[[0m[31merror[0m] [0m[0m	at sbt.Execute.$anonfun$submit$1(Execute.scala:282)[0m
[0m[[0m[31merror[0m] [0m[0m	at sbt.ConcurrentRestrictions$$anon$4.$anonfun$submitValid$1(ConcurrentRestrictions.scala:265)[0m
[0m[[0m[31merror[0m] [0m[0m	at sbt.CompletionService$$anon$2.call(CompletionService.scala:64)[0m
[0m[[0m[31merror[0m] [0m[0m	at java.util.concurrent.FutureTask.run(FutureTask.java:266)[0m
[0m[[0m[31merror[0m] [0m[0m	at java.util.concurrent.Executors$RunnableAdapter.call(Executors.java:511)[0m
[0m[[0m[31merror[0m] [0m[0m	at java.util.concurrent.FutureTask.run(FutureTask.java:266)[0m
[0m[[0m[31merror[0m] [0m[0m	at java.util.concurrent.ThreadPoolExecutor.runWorker(ThreadPoolExecutor.java:1149)[0m
[0m[[0m[31merror[0m] [0m[0m	at java.util.concurrent.ThreadPoolExecutor$Worker.run(ThreadPoolExecutor.java:624)[0m
[0m[[0m[31merror[0m] [0m[0m	at java.lang.Thread.run(Thread.java:748)[0m
[0m[[0m[31merror[0m] [0m[0m(Compile / [31mpackageBin[0m) java.util.zip.ZipException: duplicate entry: META-INF/MANIFEST.MF[0m
[0m[[0m[31merror[0m] [0m[0mTotal time: 0 s, completed Dec 7, 2020 10:15:28 PM[0m
[0m[[0m[0mdebug[0m] [0m[0m> Exec(shell, None, None)[0m
